<?xml version="1.0" encoding="UTF-8"?>
<testng-results ignored="0" total="1" passed="1" failed="0" skipped="0">
  <reporter-output>
    <line>
      <![CDATA[Entering a value on element search field]]>
    </line>
    <line>
      <![CDATA[My search number for car is 1,520,000,000]]>
    </line>
    <line>
      <![CDATA[Entering a value on element search field]]>
    </line>
    <line>
      <![CDATA[My search number for car is 1,650,000,000]]>
    </line>
  </reporter-output>
  <suite started-at="2020-05-17T12:52:20 EDT" name="Default Suite" finished-at="2020-05-17T12:52:30 EDT" duration-ms="9937">
    <groups>
    </groups>
    <test started-at="2020-05-17T12:52:20 EDT" name="Maven_Automation" finished-at="2020-05-17T12:52:30 EDT" duration-ms="9937">
      <class name="Day11_05162020.googleSearch_testNG">
        <test-method is-config="true" signature="callDriver()[pri:0, instance:Day11_05162020.googleSearch_testNG@56620197]" started-at="2020-05-17T12:52:16 EDT" name="callDriver" finished-at="2020-05-17T12:52:20 EDT" duration-ms="4194" status="PASS">
          <reporter-output>
          </reporter-output>
        </test-method> <!-- callDriver -->
        <test-method signature="googleSearch()[pri:0, instance:Day11_05162020.googleSearch_testNG@56620197]" started-at="2020-05-17T12:52:20 EDT" name="googleSearch" finished-at="2020-05-17T12:52:30 EDT" duration-ms="9897" status="PASS">
          <reporter-output>
            <line>
              <![CDATA[Entering a value on element search field]]>
            </line>
            <line>
              <![CDATA[My search number for car is 1,520,000,000]]>
            </line>
            <line>
              <![CDATA[Entering a value on element search field]]>
            </line>
            <line>
              <![CDATA[My search number for car is 1,650,000,000]]>
            </line>
          </reporter-output>
        </test-method> <!-- googleSearch -->
        <test-method is-config="true" signature="quitDriver()[pri:0, instance:Day11_05162020.googleSearch_testNG@56620197]" started-at="2020-05-17T12:52:30 EDT" name="quitDriver" finished-at="2020-05-17T12:52:31 EDT" duration-ms="686" status="PASS">
          <reporter-output>
          </reporter-output>
        </test-method> <!-- quitDriver -->
      </class> <!-- Day11_05162020.googleSearch_testNG -->
    </test> <!-- Maven_Automation -->
  </suite> <!-- Default Suite -->
</testng-results>
